Running main() from gtest_main.cc
[==========] Running 98 tests from 2 test cases.
[----------] Global test environment set-up.
[----------] 49 tests from TestGraph/0, where TypeParam = Graph
[ RUN      ] TestGraph/0.test_add_edges_1
[       OK ] TestGraph/0.test_add_edges_1 (46 ms)
[ RUN      ] TestGraph/0.test_add_edges_2
[       OK ] TestGraph/0.test_add_edges_2 (5 ms)
[ RUN      ] TestGraph/0.test_add_edges_3
[       OK ] TestGraph/0.test_add_edges_3 (5 ms)
[ RUN      ] TestGraph/0.test_add_edges_4
[       OK ] TestGraph/0.test_add_edges_4 (5 ms)
[ RUN      ] TestGraph/0.test_add_vertex_1
[       OK ] TestGraph/0.test_add_vertex_1 (2 ms)
[ RUN      ] TestGraph/0.test_add_vertex_2
[       OK ] TestGraph/0.test_add_vertex_2 (3 ms)
[ RUN      ] TestGraph/0.test_add_vertex_3
[       OK ] TestGraph/0.test_add_vertex_3 (2 ms)
[ RUN      ] TestGraph/0.test_add_vertex_4
[       OK ] TestGraph/0.test_add_vertex_4 (3 ms)
[ RUN      ] TestGraph/0.test_adjacent_vertices_1
[       OK ] TestGraph/0.test_adjacent_vertices_1 (12 ms)
[ RUN      ] TestGraph/0.test_adjacent_vertices_2
[       OK ] TestGraph/0.test_adjacent_vertices_2 (5 ms)
[ RUN      ] TestGraph/0.test_adjacent_vertices_3
TestGraph.c++:335: Failure
Value of: v == this->vdD
  Actual: false
Expected: true
[  FAILED  ] TestGraph/0.test_adjacent_vertices_3, where TypeParam = Graph (21 ms)
[ RUN      ] TestGraph/0.test_adjacent_vertices_4
[       OK ] TestGraph/0.test_adjacent_vertices_4 (3 ms)
[ RUN      ] TestGraph/0.test_edge_1
[       OK ] TestGraph/0.test_edge_1 (5 ms)
[ RUN      ] TestGraph/0.test_edge_2
[       OK ] TestGraph/0.test_edge_2 (4 ms)
[ RUN      ] TestGraph/0.test_edge_3
[       OK ] TestGraph/0.test_edge_3 (2 ms)
[ RUN      ] TestGraph/0.test_edge_4
[       OK ] TestGraph/0.test_edge_4 (4 ms)
[ RUN      ] TestGraph/0.test_edges_1
[       OK ] TestGraph/0.test_edges_1 (4 ms)
[ RUN      ] TestGraph/0.test_edges_2
TestGraph.c++:432: Failure
Value of: _e == this->edAE
  Actual: false
Expected: true
[  FAILED  ] TestGraph/0.test_edges_2, where TypeParam = Graph (7 ms)
[ RUN      ] TestGraph/0.test_edges_3
TestGraph.c++:450: Failure
Value of: _e == this->edAC
  Actual: false
Expected: true
[  FAILED  ] TestGraph/0.test_edges_3, where TypeParam = Graph (5 ms)
[ RUN      ] TestGraph/0.test_edges_4
[       OK ] TestGraph/0.test_edges_4 (5 ms)
[ RUN      ] TestGraph/0.test_num_edges_1
[       OK ] TestGraph/0.test_num_edges_1 (3 ms)
[ RUN      ] TestGraph/0.test_num_edges_2
[       OK ] TestGraph/0.test_num_edges_2 (2 ms)
[ RUN      ] TestGraph/0.test_num_edges_3
[       OK ] TestGraph/0.test_num_edges_3 (2 ms)
[ RUN      ] TestGraph/0.test_num_edges_4
[       OK ] TestGraph/0.test_num_edges_4 (2 ms)
[ RUN      ] TestGraph/0.test_num_vertices_1
[       OK ] TestGraph/0.test_num_vertices_1 (2 ms)
[ RUN      ] TestGraph/0.test_num_vertices_2
[       OK ] TestGraph/0.test_num_vertices_2 (3 ms)
[ RUN      ] TestGraph/0.test_num_vertices_3
[       OK ] TestGraph/0.test_num_vertices_3 (2 ms)
[ RUN      ] TestGraph/0.test_num_vertices_4
[       OK ] TestGraph/0.test_num_vertices_4 (3 ms)
[ RUN      ] TestGraph/0.test_source_1
[       OK ] TestGraph/0.test_source_1 (2 ms)
[ RUN      ] TestGraph/0.test_source_2
[       OK ] TestGraph/0.test_source_2 (2 ms)
[ RUN      ] TestGraph/0.test_source_3
[       OK ] TestGraph/0.test_source_3 (3 ms)
[ RUN      ] TestGraph/0.test_source_4
[       OK ] TestGraph/0.test_source_4 (2 ms)
[ RUN      ] TestGraph/0.test_target_1
[       OK ] TestGraph/0.test_target_1 (3 ms)
[ RUN      ] TestGraph/0.test_target_2
[       OK ] TestGraph/0.test_target_2 (3 ms)
[ RUN      ] TestGraph/0.test_target_3
[       OK ] TestGraph/0.test_target_3 (2 ms)
[ RUN      ] TestGraph/0.test_target_4
[       OK ] TestGraph/0.test_target_4 (3 ms)
[ RUN      ] TestGraph/0.test_vertex_1
[       OK ] TestGraph/0.test_vertex_1 (3 ms)
[ RUN      ] TestGraph/0.test_vertex_2
[       OK ] TestGraph/0.test_vertex_2 (2 ms)
[ RUN      ] TestGraph/0.test_vertex_3
[       OK ] TestGraph/0.test_vertex_3 (3 ms)
[ RUN      ] TestGraph/0.test_vertex_4
[       OK ] TestGraph/0.test_vertex_4 (2 ms)
[ RUN      ] TestGraph/0.test_vertices_1
[       OK ] TestGraph/0.test_vertices_1 (5 ms)
[ RUN      ] TestGraph/0.test_vertices_2
[       OK ] TestGraph/0.test_vertices_2 (3 ms)
[ RUN      ] TestGraph/0.test_vertices_3
[       OK ] TestGraph/0.test_vertices_3 (4 ms)
[ RUN      ] TestGraph/0.test_vertices_4
[       OK ] TestGraph/0.test_vertices_4 (4 ms)
[ RUN      ] TestGraph/0.test_has_cycle_1
[       OK ] TestGraph/0.test_has_cycle_1 (2 ms)
[ RUN      ] TestGraph/0.test_has_cycle_2
[       OK ] TestGraph/0.test_has_cycle_2 (2 ms)
[ RUN      ] TestGraph/0.test_has_cycle_3
[       OK ] TestGraph/0.test_has_cycle_3 (2 ms)
[ RUN      ] TestGraph/0.test_has_cycle_4
[       OK ] TestGraph/0.test_has_cycle_4 (2 ms)
[ RUN      ] TestGraph/0.test_topological_sort_no_cycle_1
TestGraph.c++:779: Failure
Value of: out.str()
  Actual: "0 1 2 3 4 "
Expected: std::string("3 1 2 4 0 ")
Which is: "3 1 2 4 0 "
[  FAILED  ] TestGraph/0.test_topological_sort_no_cycle_1, where TypeParam = Graph (26 ms)
[----------] 49 tests from TestGraph/0 (262 ms total)

[----------] 49 tests from TestGraph/1, where TypeParam = boost::adjacency_list<boost::setS, boost::vecS, boost::directedS, boost::no_property, boost::no_property, boost::no_property, boost::listS>
[ RUN      ] TestGraph/1.test_add_edges_1
[       OK ] TestGraph/1.test_add_edges_1 (52 ms)
[ RUN      ] TestGraph/1.test_add_edges_2
[       OK ] TestGraph/1.test_add_edges_2 (6 ms)
[ RUN      ] TestGraph/1.test_add_edges_3
[       OK ] TestGraph/1.test_add_edges_3 (6 ms)
[ RUN      ] TestGraph/1.test_add_edges_4
[       OK ] TestGraph/1.test_add_edges_4 (6 ms)
[ RUN      ] TestGraph/1.test_add_vertex_1
[       OK ] TestGraph/1.test_add_vertex_1 (2 ms)
[ RUN      ] TestGraph/1.test_add_vertex_2
[       OK ] TestGraph/1.test_add_vertex_2 (4 ms)
[ RUN      ] TestGraph/1.test_add_vertex_3
[       OK ] TestGraph/1.test_add_vertex_3 (3 ms)
[ RUN      ] TestGraph/1.test_add_vertex_4
[       OK ] TestGraph/1.test_add_vertex_4 (2 ms)
[ RUN      ] TestGraph/1.test_adjacent_vertices_1
[       OK ] TestGraph/1.test_adjacent_vertices_1 (17 ms)
[ RUN      ] TestGraph/1.test_adjacent_vertices_2
[       OK ] TestGraph/1.test_adjacent_vertices_2 (5 ms)
[ RUN      ] TestGraph/1.test_adjacent_vertices_3
[       OK ] TestGraph/1.test_adjacent_vertices_3 (4 ms)
[ RUN      ] TestGraph/1.test_adjacent_vertices_4
[       OK ] TestGraph/1.test_adjacent_vertices_4 (3 ms)
[ RUN      ] TestGraph/1.test_edge_1
[       OK ] TestGraph/1.test_edge_1 (9 ms)
[ RUN      ] TestGraph/1.test_edge_2
[       OK ] TestGraph/1.test_edge_2 (3 ms)
[ RUN      ] TestGraph/1.test_edge_3
[       OK ] TestGraph/1.test_edge_3 (3 ms)
[ RUN      ] TestGraph/1.test_edge_4
[       OK ] TestGraph/1.test_edge_4 (3 ms)
[ RUN      ] TestGraph/1.test_edges_1
[       OK ] TestGraph/1.test_edges_1 (19 ms)
[ RUN      ] TestGraph/1.test_edges_2
[       OK ] TestGraph/1.test_edges_2 (7 ms)
[ RUN      ] TestGraph/1.test_edges_3
TestGraph.c++:450: Failure
Value of: _e == this->edAC
  Actual: false
Expected: true
[  FAILED  ] TestGraph/1.test_edges_3, where TypeParam = boost::adjacency_list<boost::setS, boost::vecS, boost::directedS, boost::no_property, boost::no_property, boost::no_property, boost::listS> (9 ms)
[ RUN      ] TestGraph/1.test_edges_4
TestGraph.c++:472: Failure
Value of: _e == this->edBC
  Actual: false
Expected: true
[  FAILED  ] TestGraph/1.test_edges_4, where TypeParam = boost::adjacency_list<boost::setS, boost::vecS, boost::directedS, boost::no_property, boost::no_property, boost::no_property, boost::listS> (6 ms)
[ RUN      ] TestGraph/1.test_num_edges_1
[       OK ] TestGraph/1.test_num_edges_1 (7 ms)
[ RUN      ] TestGraph/1.test_num_edges_2
[       OK ] TestGraph/1.test_num_edges_2 (2 ms)
[ RUN      ] TestGraph/1.test_num_edges_3
[       OK ] TestGraph/1.test_num_edges_3 (3 ms)
[ RUN      ] TestGraph/1.test_num_edges_4
[       OK ] TestGraph/1.test_num_edges_4 (2 ms)
[ RUN      ] TestGraph/1.test_num_vertices_1
[       OK ] TestGraph/1.test_num_vertices_1 (2 ms)
[ RUN      ] TestGraph/1.test_num_vertices_2
[       OK ] TestGraph/1.test_num_vertices_2 (3 ms)
[ RUN      ] TestGraph/1.test_num_vertices_3
[       OK ] TestGraph/1.test_num_vertices_3 (2 ms)
[ RUN      ] TestGraph/1.test_num_vertices_4
[       OK ] TestGraph/1.test_num_vertices_4 (3 ms)
[ RUN      ] TestGraph/1.test_source_1
[       OK ] TestGraph/1.test_source_1 (2 ms)
[ RUN      ] TestGraph/1.test_source_2
[       OK ] TestGraph/1.test_source_2 (2 ms)
[ RUN      ] TestGraph/1.test_source_3
[       OK ] TestGraph/1.test_source_3 (3 ms)
[ RUN      ] TestGraph/1.test_source_4
[       OK ] TestGraph/1.test_source_4 (2 ms)
[ RUN      ] TestGraph/1.test_target_1
[       OK ] TestGraph/1.test_target_1 (2 ms)
[ RUN      ] TestGraph/1.test_target_2
[       OK ] TestGraph/1.test_target_2 (3 ms)
[ RUN      ] TestGraph/1.test_target_3
[       OK ] TestGraph/1.test_target_3 (2 ms)
[ RUN      ] TestGraph/1.test_target_4
[       OK ] TestGraph/1.test_target_4 (3 ms)
[ RUN      ] TestGraph/1.test_vertex_1
[       OK ] TestGraph/1.test_vertex_1 (2 ms)
[ RUN      ] TestGraph/1.test_vertex_2
[       OK ] TestGraph/1.test_vertex_2 (2 ms)
[ RUN      ] TestGraph/1.test_vertex_3
[       OK ] TestGraph/1.test_vertex_3 (3 ms)
[ RUN      ] TestGraph/1.test_vertex_4
[       OK ] TestGraph/1.test_vertex_4 (2 ms)
[ RUN      ] TestGraph/1.test_vertices_1
[       OK ] TestGraph/1.test_vertices_1 (5 ms)
[ RUN      ] TestGraph/1.test_vertices_2
[       OK ] TestGraph/1.test_vertices_2 (4 ms)
[ RUN      ] TestGraph/1.test_vertices_3
[       OK ] TestGraph/1.test_vertices_3 (4 ms)
[ RUN      ] TestGraph/1.test_vertices_4
[       OK ] TestGraph/1.test_vertices_4 (4 ms)
[ RUN      ] TestGraph/1.test_has_cycle_1
[       OK ] TestGraph/1.test_has_cycle_1 (2 ms)
[ RUN      ] TestGraph/1.test_has_cycle_2
[       OK ] TestGraph/1.test_has_cycle_2 (2 ms)
[ RUN      ] TestGraph/1.test_has_cycle_3
[       OK ] TestGraph/1.test_has_cycle_3 (2 ms)
[ RUN      ] TestGraph/1.test_has_cycle_4
[       OK ] TestGraph/1.test_has_cycle_4 (2 ms)
[ RUN      ] TestGraph/1.test_topological_sort_no_cycle_1
[       OK ] TestGraph/1.test_topological_sort_no_cycle_1 (49 ms)
[----------] 49 tests from TestGraph/1 (301 ms total)

[----------] Global test environment tear-down
[==========] 98 tests from 2 test cases ran. (589 ms total)
[  PASSED  ] 92 tests.
[  FAILED  ] 6 tests, listed below:
[  FAILED  ] TestGraph/0.test_adjacent_vertices_3, where TypeParam = Graph
[  FAILED  ] TestGraph/0.test_edges_2, where TypeParam = Graph
[  FAILED  ] TestGraph/0.test_edges_3, where TypeParam = Graph
[  FAILED  ] TestGraph/0.test_topological_sort_no_cycle_1, where TypeParam = Graph
[  FAILED  ] TestGraph/1.test_edges_3, where TypeParam = boost::adjacency_list<boost::setS, boost::vecS, boost::directedS, boost::no_property, boost::no_property, boost::no_property, boost::listS>
[  FAILED  ] TestGraph/1.test_edges_4, where TypeParam = boost::adjacency_list<boost::setS, boost::vecS, boost::directedS, boost::no_property, boost::no_property, boost::no_property, boost::listS>

 6 FAILED TESTS
